[00:000] Starting Mapper (v.1.30.1)...
[00:041] Mapper initialization...
[01:226] Sprite manager initialization...
[01:350] Sprite manager initialization complete.
[01:536] Init interface.
[01:550] Init interface complete.
[01:550] Script system initialization...
[01:557] Reload scripts...
[01:565] Reload scripts complete.
[01:566] Bind reserved functions...
[01:569] Bind reserved functions complete.
[01:569] Script system initialization complete.
[01:586] Loaded<405> critter types.
[01:587] Item manager initialization...
[01:594] Item manager initialization complete.
[01:594] Loading items prototypes...
[05:821] Items prototypes successfully loaded, count<5669>.
[05:822] Critter manager initialization...
[05:846] Critter manager initialization complete.
[05:847] Loading critters prototypes...
[06:031] Loaded<761> critter protos, errors<0>.
[06:053] Hex field initialization...
[06:054] Hex field initialization complete.
[06:148] Mapper initialization complete.
[16:061] Create map from prototype.
[16:378] Create map from prototype complete.
[17:00:882] Mapper finish...
[17:00:883] Resource manager finish...
[17:00:884] Resource manager finish complete.
[17:00:884] Hex field finish...
[17:00:896] Hex field finish complete.
[17:00:897] Sprite manager finish...
[17:00:906] Sprite manager finish complete.
[17:00:907] Critter manager finish...
[17:00:941] Critter manager finish complete.
[17:00:951] Mapper finish complete.
[17:00:956] FOnline finished.
